This file contains any messages produced by compilers while
running configure, to aid debugging if configure makes a mistake.

It was created by configure, which was
generated by GNU Autoconf 2.68.  Invocation command line was

  $ ./configure 

## --------- ##
## Platform. ##
## --------- ##

hostname = nj-zhentao-mac.local
uname -m = x86_64
uname -r = 11.4.0
uname -s = Darwin
uname -v = Darwin Kernel Version 11.4.0: Mon Apr  9 19:32:15 PDT 2012; root:xnu-1699.26.8~1/RELEASE_X86_64

/usr/bin/uname -p = i386
/bin/uname -X     = unknown

/bin/arch              = unknown
/usr/bin/arch -k       = unknown
/usr/convex/getsysinfo = unknown
/usr/bin/hostinfo      = Mach kernel version:
	 Darwin Kernel Version 11.4.0: Mon Apr  9 19:32:15 PDT 2012; root:xnu-1699.26.8~1/RELEASE_X86_64
Kernel configured for up to 4 processors.
2 processors are physically available.
4 processors are logically available.
Processor type: i486 (Intel 80486)
Processors active: 0 1 2 3
Primary memory available: 4.00 gigabytes
Default processor set: 105 tasks, 499 threads, 4 processors
Load average: 0.65, Mach factor: 3.34
/bin/machine           = unknown
/usr/bin/oslevel       = unknown
/bin/universe          = unknown

PATH: /opt/local/bin
PATH: /opt/local/sbin
PATH: /usr/bin
PATH: /bin
PATH: /usr/sbin
PATH: /sbin
PATH: /usr/local/bin
PATH: /usr/local/mysql/bin
PATH: /usr/X11/bin
PATH: /Users/user/dev/android-sdk-macosx/platform-tools
PATH: /Users/user/dev/android-sdk-macosx/tools
PATH: /Users/user/dev/android-ndk-r7b


## ----------- ##
## Core tests. ##
## ----------- ##

configure:2210: checking build system type
configure:2224: result: i386-apple-darwin11.4.0
configure:2244: checking host system type
configure:2257: result: i386-apple-darwin11.4.0
configure:2277: checking target system type
configure:2290: result: i386-apple-darwin11.4.0
configure:2333: checking for a BSD-compatible install
configure:2401: result: /usr/bin/install -c
configure:2412: checking whether build environment is sane
configure:2462: result: yes
configure:2603: checking for a thread-safe mkdir -p
configure:2642: result: use/install-sh -c -d
configure:2655: checking for gawk
configure:2685: result: no
configure:2655: checking for mawk
configure:2685: result: no
configure:2655: checking for nawk
configure:2671: found /opt/local/bin/nawk
configure:2682: result: nawk
configure:2693: checking whether make sets $(MAKE)
configure:2715: result: yes
configure:2839: checking for style of include used by make
configure:2867: result: GNU
configure:2937: checking for gcc
configure:2953: found /usr/bin/gcc
configure:2964: result: gcc
configure:3193: checking for C compiler version
configure:3202: gcc --version >&5
i686-apple-darwin11-llvm-gcc-4.2 (GCC) 4.2.1 (Based on Apple Inc. build 5658) (LLVM build 2336.9.00)
Copyright (C) 2007 Free Software Foundation, Inc.
This is free software; see the source for copying conditions.  There is NO
warranty; not even for MERCHANTABILITY or FITNESS FOR A PARTICULAR PURPOSE.

configure:3213: $? = 0
configure:3202: gcc -v >&5
Using built-in specs.
Target: i686-apple-darwin11
Configured with: /private/var/tmp/llvmgcc42/llvmgcc42-2336.9~22/src/configure --disable-checking --enable-werror --prefix=/Applications/Xcode.app/Contents/Developer/usr/llvm-gcc-4.2 --mandir=/share/man --enable-languages=c,objc,c++,obj-c++ --program-prefix=llvm- --program-transform-name=/^[cg][^.-]*$/s/$/-4.2/ --with-slibdir=/usr/lib --build=i686-apple-darwin11 --enable-llvm=/private/var/tmp/llvmgcc42/llvmgcc42-2336.9~22/dst-llvmCore/Developer/usr/local --program-prefix=i686-apple-darwin11- --host=x86_64-apple-darwin11 --target=i686-apple-darwin11 --with-gxx-include-dir=/usr/include/c++/4.2.1
Thread model: posix
gcc version 4.2.1 (Based on Apple Inc. build 5658) (LLVM build 2336.9.00)
configure:3213: $? = 0
configure:3202: gcc -V >&5
llvm-gcc-4.2: argument to `-V' is missing
configure:3213: $? = 1
configure:3202: gcc -qversion >&5
i686-apple-darwin11-llvm-gcc-4.2: no input files
configure:3213: $? = 1
configure:3233: checking whether the C compiler works
configure:3255: gcc    conftest.c  >&5
configure:3259: $? = 0
configure:3307: result: yes
configure:3310: checking for C compiler default output file name
configure:3312: result: a.out
configure:3318: checking for suffix of executables
configure:3325: gcc -o conftest    conftest.c  >&5
configure:3329: $? = 0
configure:3351: result: 
configure:3373: checking whether we are cross compiling
configure:3381: gcc -o conftest    conftest.c  >&5
configure:3385: $? = 0
configure:3392: ./conftest
configure:3396: $? = 0
configure:3411: result: no
configure:3416: checking for suffix of object files
configure:3438: gcc -c   conftest.c >&5
configure:3442: $? = 0
configure:3463: result: o
configure:3467: checking whether we are using the GNU C compiler
configure:3486: gcc -c   conftest.c >&5
configure:3486: $? = 0
configure:3495: result: yes
configure:3504: checking whether gcc accepts -g
configure:3524: gcc -c -g  conftest.c >&5
configure:3524: $? = 0
configure:3565: result: yes
configure:3582: checking for gcc option to accept ISO C89
configure:3646: gcc  -c -g -O2  conftest.c >&5
configure:3646: $? = 0
configure:3659: result: none needed
configure:3681: checking dependency style of gcc
configure:3791: result: gcc3
configure:3807: checking for an ANSI C-conforming const
configure:3872: gcc -c -g -O2  conftest.c >&5
configure:3872: $? = 0
configure:3879: result: yes
configure:3887: checking for inline
configure:3903: gcc -c -g -O2  conftest.c >&5
configure:3903: $? = 0
configure:3911: result: inline
configure:3934: checking how to run the C preprocessor
configure:3965: gcc -E  conftest.c
configure:3965: $? = 0
configure:3979: gcc -E  conftest.c
conftest.c:14:28: error: ac_nonexistent.h: No such file or directory
configure:3979: $? = 1
configure: failed program was:
| /* confdefs.h */
| #define PACKAGE_NAME ""
| #define PACKAGE_TARNAME ""
| #define PACKAGE_VERSION ""
| #define PACKAGE_STRING ""
| #define PACKAGE_BUGREPORT ""
| #define PACKAGE_URL ""
| #define MAJOR_VERSION 3
| #define MINOR_VERSION 3
| #define MICRO_VERSION 1
| #define PACKAGE "qrencode"
| #define VERSION "3.3.1"
| /* end confdefs.h.  */
| #include <ac_nonexistent.h>
configure:4004: result: gcc -E
configure:4024: gcc -E  conftest.c
configure:4024: $? = 0
configure:4038: gcc -E  conftest.c
conftest.c:14:28: error: ac_nonexistent.h: No such file or directory
configure:4038: $? = 1
configure: failed program was:
| /* confdefs.h */
| #define PACKAGE_NAME ""
| #define PACKAGE_TARNAME ""
| #define PACKAGE_VERSION ""
| #define PACKAGE_STRING ""
| #define PACKAGE_BUGREPORT ""
| #define PACKAGE_URL ""
| #define MAJOR_VERSION 3
| #define MINOR_VERSION 3
| #define MICRO_VERSION 1
| #define PACKAGE "qrencode"
| #define VERSION "3.3.1"
| /* end confdefs.h.  */
| #include <ac_nonexistent.h>
configure:4067: checking for grep that handles long lines and -e
configure:4125: result: /usr/bin/grep
configure:4130: checking for egrep
configure:4192: result: /usr/bin/grep -E
configure:4197: checking for ANSI C header files
configure:4217: gcc -c -g -O2  conftest.c >&5
configure:4217: $? = 0
configure:4290: gcc -o conftest -g -O2   conftest.c  >&5
configure:4290: $? = 0
configure:4290: ./conftest
configure:4290: $? = 0
configure:4301: result: yes
configure:4358: checking for gcc
configure:4385: result: gcc
configure:4614: checking for C compiler version
configure:4623: gcc --version >&5
i686-apple-darwin11-llvm-gcc-4.2 (GCC) 4.2.1 (Based on Apple Inc. build 5658) (LLVM build 2336.9.00)
Copyright (C) 2007 Free Software Foundation, Inc.
This is free software; see the source for copying conditions.  There is NO
warranty; not even for MERCHANTABILITY or FITNESS FOR A PARTICULAR PURPOSE.

configure:4634: $? = 0
configure:4623: gcc -v >&5
Using built-in specs.
Target: i686-apple-darwin11
Configured with: /private/var/tmp/llvmgcc42/llvmgcc42-2336.9~22/src/configure --disable-checking --enable-werror --prefix=/Applications/Xcode.app/Contents/Developer/usr/llvm-gcc-4.2 --mandir=/share/man --enable-languages=c,objc,c++,obj-c++ --program-prefix=llvm- --program-transform-name=/^[cg][^.-]*$/s/$/-4.2/ --with-slibdir=/usr/lib --build=i686-apple-darwin11 --enable-llvm=/private/var/tmp/llvmgcc42/llvmgcc42-2336.9~22/dst-llvmCore/Developer/usr/local --program-prefix=i686-apple-darwin11- --host=x86_64-apple-darwin11 --target=i686-apple-darwin11 --with-gxx-include-dir=/usr/include/c++/4.2.1
Thread model: posix
gcc version 4.2.1 (Based on Apple Inc. build 5658) (LLVM build 2336.9.00)
configure:4634: $? = 0
configure:4623: gcc -V >&5
llvm-gcc-4.2: argument to `-V' is missing
configure:4634: $? = 1
configure:4623: gcc -qversion >&5
i686-apple-darwin11-llvm-gcc-4.2: no input files
configure:4634: $? = 1
configure:4638: checking whether we are using the GNU C compiler
configure:4666: result: yes
configure:4675: checking whether gcc accepts -g
configure:4736: result: yes
configure:4753: checking for gcc option to accept ISO C89
configure:4830: result: none needed
configure:4852: checking dependency style of gcc
configure:4962: result: gcc3
configure:4978: checking whether gcc and cc understand -c and -o together
configure:5009: gcc -c conftest.c -o conftest2.o >&5
configure:5013: $? = 0
configure:5019: gcc -c conftest.c -o conftest2.o >&5
configure:5023: $? = 0
configure:5034: cc -c conftest.c >&5
configure:5038: $? = 0
configure:5046: cc -c conftest.c -o conftest2.o >&5
configure:5050: $? = 0
configure:5056: cc -c conftest.c -o conftest2.o >&5
configure:5060: $? = 0
configure:5078: result: yes
configure:5150: checking how to print strings
configure:5177: result: printf
configure:5198: checking for a sed that does not truncate output
configure:5262: result: /usr/bin/sed
configure:5280: checking for fgrep
configure:5342: result: /usr/bin/grep -F
configure:5377: checking for ld used by gcc
configure:5444: result: /usr/llvm-gcc-4.2/libexec/gcc/i686-apple-darwin11/4.2.1/ld
configure:5451: checking if the linker (/usr/llvm-gcc-4.2/libexec/gcc/i686-apple-darwin11/4.2.1/ld) is GNU ld
configure:5466: result: no
configure:5478: checking for BSD- or MS-compatible name lister (nm)
configure:5527: result: /usr/bin/nm
configure:5657: checking the name lister (/usr/bin/nm) interface
configure:5664: gcc -c -g -O2  conftest.c >&5
configure:5667: /usr/bin/nm "conftest.o"
configure:5670: output
0000000000000194 S _some_variable
configure:5677: result: BSD nm
configure:5680: checking whether ln -s works
configure:5684: result: yes
configure:5692: checking the maximum length of command line arguments
configure:5817: result: 196608
configure:5834: checking whether the shell understands some XSI constructs
configure:5844: result: yes
configure:5848: checking whether the shell understands "+="
configure:5854: result: yes
configure:5889: checking how to convert i386-apple-darwin11.4.0 file names to i386-apple-darwin11.4.0 format
configure:5929: result: func_convert_file_noop
configure:5936: checking how to convert i386-apple-darwin11.4.0 file names to toolchain format
configure:5956: result: func_convert_file_noop
configure:5963: checking for /usr/llvm-gcc-4.2/libexec/gcc/i686-apple-darwin11/4.2.1/ld option to reload object files
configure:5970: result: -r
configure:6044: checking for objdump
configure:6074: result: no
configure:6103: checking how to recognize dependent libraries
configure:6305: result: pass_all
configure:6390: checking for dlltool
configure:6420: result: no
configure:6450: checking how to associate runtime and link libraries
configure:6477: result: printf %s\n
configure:6537: checking for ar
configure:6553: found /usr/bin/ar
configure:6564: result: ar
configure:6601: checking for archiver @FILE support
configure:6618: gcc -c -g -O2  conftest.c >&5
configure:6618: $? = 0
configure:6621: ar cru libconftest.a @conftest.lst >&5
ar: @conftest.lst: No such file or directory
configure:6624: $? = 1
configure:6644: result: no
configure:6702: checking for strip
configure:6718: found /usr/bin/strip
configure:6729: result: strip
configure:6801: checking for ranlib
configure:6817: found /usr/bin/ranlib
configure:6828: result: ranlib
configure:6930: checking command to parse /usr/bin/nm output from gcc object
configure:7049: gcc -c -g -O2  conftest.c >&5
configure:7052: $? = 0
configure:7056: /usr/bin/nm conftest.o \| sed -n -e 's/^.*[ ]\([BCDEGRST][BCDEGRST]*\)[ ][ ]*\([_A-Za-z][_A-Za-z0-9]*\)$/\1 \2 \2/p' | sed '/ __gnu_lto/d' \> conftest.nm
configure:7059: $? = 0
cannot find nm_test_var in conftest.nm
configure:7049: gcc -c -g -O2  conftest.c >&5
configure:7052: $? = 0
configure:7056: /usr/bin/nm conftest.o \| sed -n -e 's/^.*[ ]\([BCDEGRST][BCDEGRST]*\)[ ][ ]*_\([_A-Za-z][_A-Za-z0-9]*\)$/\1 _\2 \2/p' | sed '/ __gnu_lto/d' \> conftest.nm
configure:7059: $? = 0
configure:7125: gcc -o conftest -g -O2   conftest.c conftstm.o >&5
configure:7128: $? = 0
configure:7166: result: ok
configure:7203: checking for sysroot
configure:7233: result: no
configure:7476: checking for mt
configure:7506: result: no
configure:7526: checking if : is a manifest tool
configure:7532: : '-?'
configure:7540: result: no
configure:7596: checking for dsymutil
configure:7612: found /usr/bin/dsymutil
configure:7623: result: dsymutil
configure:7688: checking for nmedit
configure:7704: found /usr/bin/nmedit
configure:7715: result: nmedit
configure:7780: checking for lipo
configure:7796: found /usr/bin/lipo
configure:7807: result: lipo
configure:7872: checking for otool
configure:7888: found /usr/bin/otool
configure:7899: result: otool
configure:7964: checking for otool64
configure:7994: result: no
configure:8039: checking for -single_module linker flag
gcc -g -O2  -o libconftest.dylib -dynamiclib -Wl,-single_module conftest.c
configure:8066: result: yes
configure:8068: checking for -exported_symbols_list linker flag
configure:8088: gcc -o conftest -g -O2   -Wl,-exported_symbols_list,conftest.sym conftest.c  >&5
configure:8088: $? = 0
configure:8098: result: yes
configure:8100: checking for -force_load linker flag
gcc -g -O2 -c -o conftest.o conftest.c
ar cru libconftest.a conftest.o
ranlib libconftest.a
gcc -g -O2  -o conftest conftest.c -Wl,-force_load,./libconftest.a
configure:8130: result: yes
configure:8172: checking for sys/types.h
configure:8172: gcc -c -g -O2  conftest.c >&5
configure:8172: $? = 0
configure:8172: result: yes
configure:8172: checking for sys/stat.h
configure:8172: gcc -c -g -O2  conftest.c >&5
configure:8172: $? = 0
configure:8172: result: yes
configure:8172: checking for stdlib.h
configure:8172: gcc -c -g -O2  conftest.c >&5
configure:8172: $? = 0
configure:8172: result: yes
configure:8172: checking for string.h
configure:8172: gcc -c -g -O2  conftest.c >&5
configure:8172: $? = 0
configure:8172: result: yes
configure:8172: checking for memory.h
configure:8172: gcc -c -g -O2  conftest.c >&5
configure:8172: $? = 0
configure:8172: result: yes
configure:8172: checking for strings.h
configure:8172: gcc -c -g -O2  conftest.c >&5
configure:8172: $? = 0
configure:8172: result: yes
configure:8172: checking for inttypes.h
configure:8172: gcc -c -g -O2  conftest.c >&5
configure:8172: $? = 0
configure:8172: result: yes
configure:8172: checking for stdint.h
configure:8172: gcc -c -g -O2  conftest.c >&5
configure:8172: $? = 0
configure:8172: result: yes
configure:8172: checking for unistd.h
configure:8172: gcc -c -g -O2  conftest.c >&5
configure:8172: $? = 0
configure:8172: result: yes
configure:8186: checking for dlfcn.h
configure:8186: gcc -c -g -O2  conftest.c >&5
configure:8186: $? = 0
configure:8186: result: yes
configure:8343: checking for objdir
configure:8358: result: .libs
configure:8625: checking if gcc supports -fno-rtti -fno-exceptions
configure:8643: gcc -c -g -O2  -fno-rtti -fno-exceptions conftest.c >&5
cc1: warning: command line option "-fno-rtti" is valid for C++/ObjC++ but not for C
configure:8647: $? = 0
configure:8660: result: no
configure:8970: checking for gcc option to produce PIC
configure:8977: result: -fno-common -DPIC
configure:8985: checking if gcc PIC flag -fno-common -DPIC works
configure:9003: gcc -c -g -O2  -fno-common -DPIC -DPIC conftest.c >&5
configure:9007: $? = 0
configure:9020: result: yes
configure:9049: checking if gcc static flag -static works
configure:9077: result: no
configure:9092: checking if gcc supports -c -o file.o
configure:9113: gcc -c -g -O2  -o out/conftest2.o conftest.c >&5
configure:9117: $? = 0
configure:9139: result: yes
configure:9147: checking if gcc supports -c -o file.o
configure:9194: result: yes
configure:9227: checking whether the gcc linker (/usr/llvm-gcc-4.2/libexec/gcc/i686-apple-darwin11/4.2.1/ld) supports shared libraries
configure:10389: result: yes
configure:10634: checking dynamic linker characteristics
configure:11383: result: darwin11.4.0 dyld
configure:11490: checking how to hardcode library paths into programs
configure:11515: result: immediate
configure:12055: checking whether stripping libraries is possible
configure:12069: result: yes
configure:12095: checking if libtool supports shared libraries
configure:12097: result: yes
configure:12100: checking whether to build shared libraries
configure:12121: result: yes
configure:12124: checking whether to build static libraries
configure:12128: result: no
configure:12206: checking for ranlib
configure:12233: result: ranlib
configure:12309: checking for pkg-config
configure:12327: found /opt/local/bin/pkg-config
configure:12339: result: /opt/local/bin/pkg-config
configure:12364: checking pkg-config is at least version 0.9.0
configure:12367: result: yes
configure:12381: checking for strdup
configure:12381: gcc -o conftest -g -O2   conftest.c  >&5
conftest.c:49: warning: conflicting types for built-in function 'strdup'
configure:12381: $? = 0
configure:12381: result: yes
configure:12400: checking for pthread_mutex_init in -lpthread
configure:12425: gcc -o conftest -g -O2   conftest.c -lpthread   >&5
configure:12425: $? = 0
configure:12434: result: yes
configure:12472: checking for png
configure:12479: $PKG_CONFIG --exists --print-errors ""libpng""
configure:12482: $? = 0
configure:12496: $PKG_CONFIG --exists --print-errors ""libpng""
configure:12499: $? = 0
configure:12557: result: yes
configure:13970: creating ./config.status

## ---------------------- ##
## Running config.status. ##
## ---------------------- ##

This file was extended by config.status, which was
generated by GNU Autoconf 2.68.  Invocation command line was

  CONFIG_FILES    = 
  CONFIG_HEADERS  = 
  CONFIG_LINKS    = 
  CONFIG_COMMANDS = 
  $ ./config.status 

on nj-zhentao-mac.local

config.status:1119: creating Makefile
config.status:1119: creating libqrencode.pc
config.status:1119: creating tests/Makefile
config.status:1119: creating qrencode.spec
config.status:1119: creating qrencode.1
config.status:1119: creating config.h
config.status:1348: executing depfiles commands
config.status:1348: executing libtool commands

## ---------------- ##
## Cache variables. ##
## ---------------- ##

ac_cv_build=i386-apple-darwin11.4.0
ac_cv_c_compiler_gnu=yes
ac_cv_c_const=yes
ac_cv_c_inline=inline
ac_cv_env_CC_set=
ac_cv_env_CC_value=
ac_cv_env_CFLAGS_set=
ac_cv_env_CFLAGS_value=
ac_cv_env_CPPFLAGS_set=
ac_cv_env_CPPFLAGS_value=
ac_cv_env_CPP_set=
ac_cv_env_CPP_value=
ac_cv_env_LDFLAGS_set=
ac_cv_env_LDFLAGS_value=
ac_cv_env_LIBS_set=
ac_cv_env_LIBS_value=
ac_cv_env_PKG_CONFIG_LIBDIR_set=
ac_cv_env_PKG_CONFIG_LIBDIR_value=
ac_cv_env_PKG_CONFIG_PATH_set=
ac_cv_env_PKG_CONFIG_PATH_value=
ac_cv_env_PKG_CONFIG_set=
ac_cv_env_PKG_CONFIG_value=
ac_cv_env_build_alias_set=
ac_cv_env_build_alias_value=
ac_cv_env_host_alias_set=
ac_cv_env_host_alias_value=
ac_cv_env_png_CFLAGS_set=
ac_cv_env_png_CFLAGS_value=
ac_cv_env_png_LIBS_set=
ac_cv_env_png_LIBS_value=
ac_cv_env_target_alias_set=
ac_cv_env_target_alias_value=
ac_cv_func_strdup=yes
ac_cv_header_dlfcn_h=yes
ac_cv_header_inttypes_h=yes
ac_cv_header_memory_h=yes
ac_cv_header_stdc=yes
ac_cv_header_stdint_h=yes
ac_cv_header_stdlib_h=yes
ac_cv_header_string_h=yes
ac_cv_header_strings_h=yes
ac_cv_header_sys_stat_h=yes
ac_cv_header_sys_types_h=yes
ac_cv_header_unistd_h=yes
ac_cv_host=i386-apple-darwin11.4.0
ac_cv_lib_pthread_pthread_mutex_init=yes
ac_cv_objext=o
ac_cv_path_EGREP='/usr/bin/grep -E'
ac_cv_path_FGREP='/usr/bin/grep -F'
ac_cv_path_GREP=/usr/bin/grep
ac_cv_path_SED=/usr/bin/sed
ac_cv_path_ac_pt_PKG_CONFIG=/opt/local/bin/pkg-config
ac_cv_path_install='/usr/bin/install -c'
ac_cv_prog_AWK=nawk
ac_cv_prog_CPP='gcc -E'
ac_cv_prog_ac_ct_AR=ar
ac_cv_prog_ac_ct_CC=gcc
ac_cv_prog_ac_ct_DSYMUTIL=dsymutil
ac_cv_prog_ac_ct_LIPO=lipo
ac_cv_prog_ac_ct_NMEDIT=nmedit
ac_cv_prog_ac_ct_OTOOL=otool
ac_cv_prog_ac_ct_RANLIB=ranlib
ac_cv_prog_ac_ct_STRIP=strip
ac_cv_prog_cc_c89=
ac_cv_prog_cc_g=yes
ac_cv_prog_cc_gcc_c_o=yes
ac_cv_prog_make_make_set=yes
ac_cv_target=i386-apple-darwin11.4.0
am_cv_CC_dependencies_compiler_type=gcc3
lt_cv_apple_cc_single_mod=yes
lt_cv_ar_at_file=no
lt_cv_deplibs_check_method=pass_all
lt_cv_file_magic_cmd='$MAGIC_CMD'
lt_cv_file_magic_test_file=
lt_cv_ld_exported_symbols_list=yes
lt_cv_ld_force_load=yes
lt_cv_ld_reload_flag=-r
lt_cv_nm_interface='BSD nm'
lt_cv_objdir=.libs
lt_cv_path_LD=/usr/llvm-gcc-4.2/libexec/gcc/i686-apple-darwin11/4.2.1/ld
lt_cv_path_NM=/usr/bin/nm
lt_cv_path_mainfest_tool=no
lt_cv_prog_compiler_c_o=yes
lt_cv_prog_compiler_pic='-fno-common -DPIC'
lt_cv_prog_compiler_pic_works=yes
lt_cv_prog_compiler_rtti_exceptions=no
lt_cv_prog_compiler_static_works=no
lt_cv_prog_gnu_ld=no
lt_cv_sharedlib_from_linklib_cmd='printf %s\n'
lt_cv_sys_global_symbol_pipe='sed -n -e '\''s/^.*[	 ]\([BCDEGRST][BCDEGRST]*\)[	 ][	 ]*_\([_A-Za-z][_A-Za-z0-9]*\)$/\1 _\2 \2/p'\'' | sed '\''/ __gnu_lto/d'\'''
lt_cv_sys_global_symbol_to_c_name_address='sed -n -e '\''s/^: \([^ ]*\)[ ]*$/  {\"\1\", (void *) 0},/p'\'' -e '\''s/^[BCDEGRST]* \([^ ]*\) \([^ ]*\)$/  {"\2", (void *) \&\2},/p'\'''
lt_cv_sys_global_symbol_to_c_name_address_lib_prefix='sed -n -e '\''s/^: \([^ ]*\)[ ]*$/  {\"\1\", (void *) 0},/p'\'' -e '\''s/^[BCDEGRST]* \([^ ]*\) \(lib[^ ]*\)$/  {"\2", (void *) \&\2},/p'\'' -e '\''s/^[BCDEGRST]* \([^ ]*\) \([^ ]*\)$/  {"lib\2", (void *) \&\2},/p'\'''
lt_cv_sys_global_symbol_to_cdecl='sed -n -e '\''s/^T .* \(.*\)$/extern int \1();/p'\'' -e '\''s/^[BCDEGRST]* .* \(.*\)$/extern char \1;/p'\'''
lt_cv_sys_max_cmd_len=196608
lt_cv_to_host_file_cmd=func_convert_file_noop
lt_cv_to_tool_file_cmd=func_convert_file_noop
pkg_cv_png_CFLAGS='-I/opt/local/include/libpng14  '
pkg_cv_png_LIBS='-L/opt/local/lib -lpng14  '

## ----------------- ##
## Output variables. ##
## ----------------- ##

ACLOCAL='${SHELL} /Users/user/Downloads/qrencode-3.3.1/use/missing --run aclocal-1.11'
AMDEPBACKSLASH='\'
AMDEP_FALSE='#'
AMDEP_TRUE=''
AMTAR='${SHELL} /Users/user/Downloads/qrencode-3.3.1/use/missing --run tar'
AR='ar'
AUTOCONF='${SHELL} /Users/user/Downloads/qrencode-3.3.1/use/missing --run autoconf'
AUTOHEADER='${SHELL} /Users/user/Downloads/qrencode-3.3.1/use/missing --run autoheader'
AUTOMAKE='${SHELL} /Users/user/Downloads/qrencode-3.3.1/use/missing --run automake-1.11'
AWK='nawk'
BUILD_TESTS_FALSE=''
BUILD_TESTS_TRUE='#'
BUILD_TOOLS_FALSE='#'
BUILD_TOOLS_TRUE=''
CC='gcc'
CCDEPMODE='depmode=gcc3'
CFLAGS='-Wall -g -O2'
CPP='gcc -E'
CPPFLAGS=''
CYGPATH_W='echo'
DEFS='-DHAVE_CONFIG_H'
DEPDIR='.deps'
DLLTOOL='false'
DSYMUTIL='dsymutil'
DUMPBIN=''
ECHO_C='\c'
ECHO_N=''
ECHO_T=''
EGREP='/usr/bin/grep -E'
EXEEXT=''
FGREP='/usr/bin/grep -F'
GREP='/usr/bin/grep'
HAVE_LIBPTHREAD_FALSE='#'
HAVE_LIBPTHREAD_TRUE=''
HAVE_SDL_FALSE=''
HAVE_SDL_TRUE='#'
INSTALL_DATA='${INSTALL} -m 644'
INSTALL_PROGRAM='${INSTALL}'
INSTALL_SCRIPT='${INSTALL}'
INSTALL_STRIP_PROGRAM='$(install_sh) -c -s'
LD='/usr/llvm-gcc-4.2/libexec/gcc/i686-apple-darwin11/4.2.1/ld'
LDFLAGS=''
LIBICONV=''
LIBOBJS=''
LIBPTHREAD='-lpthread'
LIBS=''
LIBTOOL='$(SHELL) $(top_builddir)/libtool'
LIPO='lipo'
LN_S='ln -s'
LTLIBICONV=''
LTLIBOBJS=''
MAJOR_VERSION='3'
MAKEINFO='${SHELL} /Users/user/Downloads/qrencode-3.3.1/use/missing --run makeinfo'
MANIFEST_TOOL=':'
MICRO_VERSION='1'
MINOR_VERSION='3'
MKDIR_P='use/install-sh -c -d'
NM='/usr/bin/nm'
NMEDIT='nmedit'
OBJDUMP='false'
OBJEXT='o'
OTOOL64=':'
OTOOL='otool'
PACKAGE='qrencode'
PACKAGE_BUGREPORT=''
PACKAGE_NAME=''
PACKAGE_STRING=''
PACKAGE_TARNAME=''
PACKAGE_URL=''
PACKAGE_VERSION=''
PATH_SEPARATOR=':'
PKG_CONFIG='/opt/local/bin/pkg-config'
PKG_CONFIG_LIBDIR=''
PKG_CONFIG_PATH=''
RANLIB='ranlib'
SDL_CFLAGS=''
SDL_CONFIG=''
SDL_LIBS=''
SED='/usr/bin/sed'
SET_MAKE=''
SHELL='/bin/sh'
STRIP='strip'
VERSION='3.3.1'
ac_ct_AR='ar'
ac_ct_CC='gcc'
ac_ct_DUMPBIN=''
am__EXEEXT_FALSE=''
am__EXEEXT_TRUE='#'
am__fastdepCC_FALSE='#'
am__fastdepCC_TRUE=''
am__include='include'
am__isrc=''
am__leading_dot='.'
am__quote=''
am__tar='${AMTAR} chof - "$$tardir"'
am__untar='${AMTAR} xf -'
bindir='${exec_prefix}/bin'
build='i386-apple-darwin11.4.0'
build_alias=''
build_cpu='i386'
build_os='darwin11.4.0'
build_vendor='apple'
datadir='${datarootdir}'
datarootdir='${prefix}/share'
docdir='${datarootdir}/doc/${PACKAGE}'
dvidir='${docdir}'
exec_prefix='${prefix}'
host='i386-apple-darwin11.4.0'
host_alias=''
host_cpu='i386'
host_os='darwin11.4.0'
host_vendor='apple'
htmldir='${docdir}'
includedir='${prefix}/include'
infodir='${datarootdir}/info'
install_sh='${SHELL} /Users/user/Downloads/qrencode-3.3.1/use/install-sh'
libdir='${exec_prefix}/lib'
libexecdir='${exec_prefix}/libexec'
localedir='${datarootdir}/locale'
localstatedir='${prefix}/var'
mandir='${datarootdir}/man'
mkdir_p='$(top_builddir)/use/install-sh -c -d'
oldincludedir='/usr/include'
pdfdir='${docdir}'
png_CFLAGS='-I/opt/local/include/libpng14  '
png_LIBS='-L/opt/local/lib -lpng14  '
prefix='/usr/local'
program_transform_name='s,x,x,'
psdir='${docdir}'
sbindir='${exec_prefix}/sbin'
sharedstatedir='${prefix}/com'
sysconfdir='${prefix}/etc'
target='i386-apple-darwin11.4.0'
target_alias=''
target_cpu='i386'
target_os='darwin11.4.0'
target_vendor='apple'

## ----------- ##
## confdefs.h. ##
## ----------- ##

/* confdefs.h */
#define PACKAGE_NAME ""
#define PACKAGE_TARNAME ""
#define PACKAGE_VERSION ""
#define PACKAGE_STRING ""
#define PACKAGE_BUGREPORT ""
#define PACKAGE_URL ""
#define MAJOR_VERSION 3
#define MINOR_VERSION 3
#define MICRO_VERSION 1
#define PACKAGE "qrencode"
#define VERSION "3.3.1"
#define STDC_HEADERS 1
#define HAVE_SYS_TYPES_H 1
#define HAVE_SYS_STAT_H 1
#define HAVE_STDLIB_H 1
#define HAVE_STRING_H 1
#define HAVE_MEMORY_H 1
#define HAVE_STRINGS_H 1
#define HAVE_INTTYPES_H 1
#define HAVE_STDINT_H 1
#define HAVE_UNISTD_H 1
#define HAVE_DLFCN_H 1
#define LT_OBJDIR ".libs/"
#define HAVE_STRDUP 1
#define __STATIC static
/* #undef WITH_TESTS */

configure: exit 0
